<?xml version="1.0" encoding="UTF-8"?>
<!-- Generated by org.testng.reporters.JUnitXMLReporter -->
<testsuite hostname="DESKTOP-RR4CVOF" ignored="0" name="Default test" tests="3" failures="0" timestamp="2022-09-12T14:22:47 IST" time="58.361" errors="0">
  <testcase name="tc1" time="3.624" classname="scripts.TestCase1"/>
  <testcase name="tc2" time="6.245" classname="scripts.TestCase2"/>
  <testcase name="tc3" time="20.581" classname="scripts.TestCase3"/>
</testsuite> <!-- Default test -->
